<?xml version="1.0" encoding="UTF-8"?>
<!-- Generated by org.testng.reporters.JUnitReportReporter -->
<testsuite skipped="0" hostname="SCI-9859" name="Testpackage.ApplicationTest" tests="1" failures="0" timestamp="2020-05-26T12:43:13 AEST" time="6.676" errors="0">
  <testcase name="calltest" time="6.676" classname="Testpackage.ApplicationTest"/>
  <system-out/>
</testsuite> <!-- Testpackage.ApplicationTest -->
