<?xml version="1.0" encoding="UTF-8"?>
<!-- Generated by org.testng.reporters.JUnitReportReporter -->
<testsuite skipped="0" hostname="SCI-9859" name="Testpackage.TestDrivenData" tests="1" failures="0" timestamp="2019-11-12T13:22:25 AEDT" time="9.818" errors="0">
  <testcase name="data" time="9.818" classname="Testpackage.TestDrivenData"/>
</testsuite> <!-- Testpackage.TestDrivenData -->
